{"level":"info","ts":1770724672.9282172,"caller":"middleware/logger.go:17","msg":"Incoming request","method":"GET","path":"/ping","status":200,"client_ip":"::1","latency":0.000055271}
{"level":"info","ts":1770724975.7519994,"caller":"middleware/logger.go:17","msg":"Incoming request","method":"GET","path":"/ping","status":200,"client_ip":"::1","latency":0.000053681}
{"level":"info","ts":1770760689.781485,"caller":"api/main.go:37","msg":"Database connected successfully"}
{"level":"info","ts":1770760689.782422,"caller":"api/main.go:65","msg":"Starting server","port":"8080"}
{"level":"info","ts":1770760708.3042846,"caller":"api/main.go:37","msg":"Database connected successfully"}
{"level":"info","ts":1770760708.3047347,"caller":"api/main.go:65","msg":"Starting server","port":"8080"}
{"level":"info","ts":1770760713.0039432,"caller":"api/main.go:37","msg":"Database connected successfully"}
{"level":"info","ts":1770760713.004275,"caller":"api/main.go:65","msg":"Starting server","port":"8080"}
{"level":"info","ts":1770760716.3657606,"caller":"api/main.go:37","msg":"Database connected successfully"}
{"level":"info","ts":1770760716.366478,"caller":"api/main.go:65","msg":"Starting server","port":"8080"}
{"level":"info","ts":1770760717.8029706,"caller":"api/main.go:37","msg":"Database connected successfully"}
{"level":"info","ts":1770760717.8032067,"caller":"api/main.go:65","msg":"Starting server","port":"8080"}
{"level":"info","ts":1770760718.089024,"caller":"api/main.go:37","msg":"Database connected successfully"}
{"level":"info","ts":1770760718.0892978,"caller":"api/main.go:65","msg":"Starting server","port":"8080"}
{"level":"info","ts":1770760724.058997,"caller":"api/main.go:37","msg":"Database connected successfully"}
{"level":"info","ts":1770760724.0591583,"caller":"api/main.go:65","msg":"Starting server","port":"8080"}
{"level":"info","ts":1770760772.5647805,"caller":"api/main.go:37","msg":"Database connected successfully"}
{"level":"info","ts":1770760772.564998,"caller":"api/main.go:65","msg":"Starting server","port":"8080"}
{"level":"info","ts":1770760777.3342597,"caller":"api/main.go:37","msg":"Database connected successfully"}
{"level":"info","ts":1770760777.3369014,"caller":"api/main.go:65","msg":"Starting server","port":"8080"}
{"level":"info","ts":1770760779.0052621,"caller":"api/main.go:37","msg":"Database connected successfully"}
{"level":"info","ts":1770760779.005672,"caller":"api/main.go:65","msg":"Starting server","port":"8080"}
{"level":"info","ts":1770760780.898465,"caller":"api/main.go:37","msg":"Database connected successfully"}
{"level":"info","ts":1770760780.8988595,"caller":"api/main.go:65","msg":"Starting server","port":"8080"}
{"level":"info","ts":1770760782.7498324,"caller":"api/main.go:37","msg":"Database connected successfully"}
{"level":"info","ts":1770760782.749956,"caller":"api/main.go:65","msg":"Starting server","port":"8080"}
{"level":"info","ts":1770760785.8617675,"caller":"api/main.go:37","msg":"Database connected successfully"}
{"level":"info","ts":1770760785.8619251,"caller":"api/main.go:65","msg":"Starting server","port":"8080"}
{"level":"info","ts":1770760787.5804024,"caller":"api/main.go:37","msg":"Database connected successfully"}
{"level":"info","ts":1770760787.5814946,"caller":"api/main.go:65","msg":"Starting server","port":"8080"}
{"level":"info","ts":1770760793.0905936,"caller":"api/main.go:37","msg":"Database connected successfully"}
{"level":"info","ts":1770760793.090747,"caller":"api/main.go:65","msg":"Starting server","port":"8080"}
{"level":"info","ts":1770760797.3112292,"caller":"api/main.go:37","msg":"Database connected successfully"}
{"level":"info","ts":1770760797.3113573,"caller":"api/main.go:65","msg":"Starting server","port":"8080"}
{"level":"info","ts":1770760801.6267338,"caller":"api/main.go:37","msg":"Database connected successfully"}
{"level":"info","ts":1770760801.62687,"caller":"api/main.go:65","msg":"Starting server","port":"8080"}
{"level":"info","ts":1770760802.6662009,"caller":"api/main.go:37","msg":"Database connected successfully"}
{"level":"info","ts":1770760802.6668668,"caller":"api/main.go:65","msg":"Starting server","port":"8080"}
{"level":"info","ts":1770760805.8707383,"caller":"api/main.go:37","msg":"Database connected successfully"}
{"level":"info","ts":1770760805.8709226,"caller":"api/main.go:65","msg":"Starting server","port":"8080"}
{"level":"info","ts":1770760809.0252206,"caller":"api/main.go:37","msg":"Database connected successfully"}
{"level":"info","ts":1770760809.0253642,"caller":"api/main.go:65","msg":"Starting server","port":"8080"}
{"level":"info","ts":1770760812.8148437,"caller":"api/main.go:37","msg":"Database connected successfully"}
{"level":"info","ts":1770760812.8170877,"caller":"api/main.go:65","msg":"Starting server","port":"8080"}
{"level":"info","ts":1770760814.1409495,"caller":"api/main.go:37","msg":"Database connected successfully"}
{"level":"info","ts":1770760814.1410832,"caller":"api/main.go:65","msg":"Starting server","port":"8080"}
{"level":"info","ts":1770760817.6160762,"caller":"api/main.go:37","msg":"Database connected successfully"}
{"level":"info","ts":1770760817.616239,"caller":"api/main.go:65","msg":"Starting server","port":"8080"}
{"level":"info","ts":1770760821.0601296,"caller":"api/main.go:37","msg":"Database connected successfully"}
{"level":"info","ts":1770760821.0603766,"caller":"api/main.go:65","msg":"Starting server","port":"8080"}
{"level":"info","ts":1770760823.2401469,"caller":"api/main.go:37","msg":"Database connected successfully"}
{"level":"info","ts":1770760823.240275,"caller":"api/main.go:65","msg":"Starting server","port":"8080"}
{"level":"info","ts":1770760936.6766841,"caller":"api/main.go:37","msg":"Database connected successfully"}
{"level":"info","ts":1770760936.6768866,"caller":"api/main.go:65","msg":"Starting server","port":"8080"}
{"level":"info","ts":1770760942.4156313,"caller":"api/main.go:37","msg":"Database connected successfully"}
{"level":"info","ts":1770760942.4157555,"caller":"api/main.go:65","msg":"Starting server","port":"8080"}
{"level":"info","ts":1770760957.2707984,"caller":"api/main.go:37","msg":"Database connected successfully"}
{"level":"info","ts":1770760957.2709703,"caller":"api/main.go:65","msg":"Starting server","port":"8080"}
{"level":"info","ts":1770760973.2371736,"caller":"api/main.go:37","msg":"Database connected successfully"}
{"level":"info","ts":1770760973.2373452,"caller":"api/main.go:65","msg":"Starting server","port":"8080"}
{"level":"info","ts":1770760975.0439167,"caller":"api/main.go:37","msg":"Database connected successfully"}
{"level":"info","ts":1770760975.0440717,"caller":"api/main.go:65","msg":"Starting server","port":"8080"}
{"level":"info","ts":1770760978.2427769,"caller":"api/main.go:37","msg":"Database connected successfully"}
{"level":"info","ts":1770760978.2429435,"caller":"api/main.go:65","msg":"Starting server","port":"8080"}
{"level":"info","ts":1770760985.5667243,"caller":"api/main.go:37","msg":"Database connected successfully"}
{"level":"info","ts":1770760985.5669734,"caller":"api/main.go:65","msg":"Starting server","port":"8080"}
{"level":"info","ts":1770760990.9482841,"caller":"api/main.go:37","msg":"Database connected successfully"}
{"level":"info","ts":1770760990.9485064,"caller":"api/main.go:65","msg":"Starting server","port":"8080"}
{"level":"info","ts":1770760996.361756,"caller":"api/main.go:37","msg":"Database connected successfully"}
{"level":"info","ts":1770760996.3619094,"caller":"api/main.go:65","msg":"Starting server","port":"8080"}
{"level":"info","ts":1770760997.6401339,"caller":"api/main.go:37","msg":"Database connected successfully"}
{"level":"info","ts":1770760997.640508,"caller":"api/main.go:65","msg":"Starting server","port":"8080"}
{"level":"info","ts":1770761002.5236623,"caller":"api/main.go:37","msg":"Database connected successfully"}
{"level":"info","ts":1770761002.5238192,"caller":"api/main.go:65","msg":"Starting server","port":"8080"}
{"level":"info","ts":1770761006.1345496,"caller":"api/main.go:37","msg":"Database connected successfully"}
{"level":"info","ts":1770761006.1347778,"caller":"api/main.go:65","msg":"Starting server","port":"8080"}
{"level":"info","ts":1770761018.3448703,"caller":"api/main.go:37","msg":"Database connected successfully"}
{"level":"info","ts":1770761018.3450584,"caller":"api/main.go:65","msg":"Starting server","port":"8080"}
{"level":"info","ts":1770761021.3204098,"caller":"api/main.go:37","msg":"Database connected successfully"}
{"level":"info","ts":1770761021.320644,"caller":"api/main.go:65","msg":"Starting server","port":"8080"}
{"level":"info","ts":1770761023.2971325,"caller":"api/main.go:37","msg":"Database connected successfully"}
{"level":"info","ts":1770761023.2974641,"caller":"api/main.go:65","msg":"Starting server","port":"8080"}
{"level":"info","ts":1770761027.7993243,"caller":"api/main.go:37","msg":"Database connected successfully"}
{"level":"info","ts":1770761027.7994597,"caller":"api/main.go:65","msg":"Starting server","port":"8080"}
{"level":"info","ts":1770761029.2364717,"caller":"api/main.go:37","msg":"Database connected successfully"}
{"level":"info","ts":1770761029.2366745,"caller":"api/main.go:65","msg":"Starting server","port":"8080"}
{"level":"info","ts":1770761030.6138735,"caller":"api/main.go:37","msg":"Database connected successfully"}
{"level":"info","ts":1770761030.6140933,"caller":"api/main.go:65","msg":"Starting server","port":"8080"}
{"level":"info","ts":1770761032.278763,"caller":"api/main.go:37","msg":"Database connected successfully"}
{"level":"info","ts":1770761032.2811725,"caller":"api/main.go:65","msg":"Starting server","port":"8080"}
{"level":"info","ts":1770761036.7801664,"caller":"api/main.go:37","msg":"Database connected successfully"}
{"level":"info","ts":1770761036.7803059,"caller":"api/main.go:65","msg":"Starting server","port":"8080"}
{"level":"info","ts":1770761043.300713,"caller":"api/main.go:37","msg":"Database connected successfully"}
{"level":"info","ts":1770761043.3009064,"caller":"api/main.go:65","msg":"Starting server","port":"8080"}
{"level":"info","ts":1770761044.4102306,"caller":"api/main.go:37","msg":"Database connected successfully"}
{"level":"info","ts":1770761044.4103684,"caller":"api/main.go:65","msg":"Starting server","port":"8080"}
{"level":"info","ts":1770761045.695751,"caller":"api/main.go:37","msg":"Database connected successfully"}
{"level":"info","ts":1770761045.6958833,"caller":"api/main.go:65","msg":"Starting server","port":"8080"}
{"level":"info","ts":1770761047.5173326,"caller":"api/main.go:37","msg":"Database connected successfully"}
{"level":"info","ts":1770761047.517498,"caller":"api/main.go:65","msg":"Starting server","port":"8080"}
{"level":"info","ts":1770761050.9837809,"caller":"api/main.go:37","msg":"Database connected successfully"}
{"level":"info","ts":1770761050.9840856,"caller":"api/main.go:65","msg":"Starting server","port":"8080"}
{"level":"info","ts":1770761055.5189037,"caller":"api/main.go:37","msg":"Database connected successfully"}
{"level":"info","ts":1770761055.5190232,"caller":"api/main.go:65","msg":"Starting server","port":"8080"}
{"level":"info","ts":1770761057.049109,"caller":"api/main.go:37","msg":"Database connected successfully"}
{"level":"info","ts":1770761057.049264,"caller":"api/main.go:65","msg":"Starting server","port":"8080"}
{"level":"info","ts":1770761062.3394396,"caller":"api/main.go:37","msg":"Database connected successfully"}
{"level":"info","ts":1770761062.3418455,"caller":"api/main.go:65","msg":"Starting server","port":"8080"}
{"level":"info","ts":1770761080.4396026,"caller":"api/main.go:37","msg":"Database connected successfully"}
{"level":"info","ts":1770761080.4398224,"caller":"api/main.go:66","msg":"Starting server","port":"8080"}
{"level":"info","ts":1770761124.2122166,"caller":"api/main.go:36","msg":"Database connected successfully"}
{"level":"info","ts":1770761124.2124693,"caller":"api/main.go:65","msg":"Starting server","port":"8080"}
{"level":"info","ts":1770761125.573833,"caller":"api/main.go:36","msg":"Database connected successfully"}
{"level":"info","ts":1770761125.5741036,"caller":"api/main.go:64","msg":"Starting server","port":"8080"}
{"level":"info","ts":1770761133.3401487,"caller":"api/main.go:36","msg":"Database connected successfully"}
{"level":"info","ts":1770761133.340396,"caller":"api/main.go:63","msg":"Starting server","port":"8080"}
{"level":"info","ts":1770761178.6106062,"caller":"api/main.go:36","msg":"Database connected successfully"}
{"level":"info","ts":1770761178.6108646,"caller":"api/main.go:63","msg":"Starting server","port":"8080"}
{"level":"info","ts":1770761199.6183772,"caller":"api/main.go:36","msg":"Database connected successfully"}
{"level":"info","ts":1770761199.618713,"caller":"api/main.go:63","msg":"Starting server","port":"8080"}
{"level":"info","ts":1770761228.758194,"caller":"api/main.go:36","msg":"Database connected successfully"}
{"level":"info","ts":1770761228.758332,"caller":"api/main.go:63","msg":"Starting server","port":"8080"}
{"level":"info","ts":1770761232.5612314,"caller":"api/main.go:36","msg":"Database connected successfully"}
{"level":"info","ts":1770761232.561465,"caller":"api/main.go:63","msg":"Starting server","port":"8080"}
{"level":"info","ts":1770761240.3423615,"caller":"api/main.go:36","msg":"Database connected successfully"}
{"level":"info","ts":1770761240.3425162,"caller":"api/main.go:63","msg":"Starting server","port":"8080"}
{"level":"info","ts":1770761244.7889543,"caller":"api/main.go:36","msg":"Database connected successfully"}
{"level":"info","ts":1770761244.7892087,"caller":"api/main.go:63","msg":"Starting server","port":"8080"}
{"level":"info","ts":1770761249.3601072,"caller":"api/main.go:36","msg":"Database connected successfully"}
{"level":"info","ts":1770761249.3602517,"caller":"api/main.go:63","msg":"Starting server","port":"8080"}
{"level":"info","ts":1770761255.5454564,"caller":"api/main.go:36","msg":"Database connected successfully"}
{"level":"info","ts":1770761255.5457299,"caller":"api/main.go:63","msg":"Starting server","port":"8080"}
{"level":"info","ts":1770761261.7042146,"caller":"api/main.go:36","msg":"Database connected successfully"}
{"level":"info","ts":1770761261.7043931,"caller":"api/main.go:63","msg":"Starting server","port":"8080"}
{"level":"info","ts":1770761265.668792,"caller":"api/main.go:36","msg":"Database connected successfully"}
{"level":"info","ts":1770761265.6691735,"caller":"api/main.go:63","msg":"Starting server","port":"8080"}
{"level":"info","ts":1770761269.264961,"caller":"api/main.go:36","msg":"Database connected successfully"}
{"level":"info","ts":1770761269.2651541,"caller":"api/main.go:63","msg":"Starting server","port":"8080"}
{"level":"info","ts":1770761278.8621604,"caller":"api/main.go:36","msg":"Database connected successfully"}
{"level":"info","ts":1770761278.8623962,"caller":"api/main.go:63","msg":"Starting server","port":"8080"}
{"level":"info","ts":1770761348.203703,"caller":"api/main.go:36","msg":"Database connected successfully"}
{"level":"info","ts":1770761348.204197,"caller":"api/main.go:63","msg":"Starting server","port":"8080"}
{"level":"info","ts":1770761375.8641932,"caller":"api/main.go:36","msg":"Database connected successfully"}
{"level":"info","ts":1770761375.8644643,"caller":"api/main.go:63","msg":"Starting server","port":"8080"}
{"level":"info","ts":1770761384.7012618,"caller":"api/main.go:36","msg":"Database connected successfully"}
{"level":"info","ts":1770761384.7014227,"caller":"api/main.go:63","msg":"Starting server","port":"8080"}
{"level":"info","ts":1770761391.161551,"caller":"api/main.go:36","msg":"Database connected successfully"}
{"level":"info","ts":1770761391.1617777,"caller":"api/main.go:63","msg":"Starting server","port":"8080"}
{"level":"info","ts":1770761394.3358536,"caller":"api/main.go:36","msg":"Database connected successfully"}
{"level":"info","ts":1770761394.3360038,"caller":"api/main.go:63","msg":"Starting server","port":"8080"}
{"level":"info","ts":1770761400.4786925,"caller":"api/main.go:36","msg":"Database connected successfully"}
{"level":"info","ts":1770761400.4788475,"caller":"api/main.go:63","msg":"Starting server","port":"8080"}
{"level":"info","ts":1770761403.9948,"caller":"api/main.go:36","msg":"Database connected successfully"}
{"level":"info","ts":1770761403.9950666,"caller":"api/main.go:63","msg":"Starting server","port":"8080"}
{"level":"info","ts":1770761410.3098402,"caller":"api/main.go:36","msg":"Database connected successfully"}
{"level":"info","ts":1770761410.3103063,"caller":"api/main.go:63","msg":"Starting server","port":"8080"}
{"level":"info","ts":1770761414.0812387,"caller":"api/main.go:36","msg":"Database connected successfully"}
{"level":"info","ts":1770761414.0815012,"caller":"api/main.go:63","msg":"Starting server","port":"8080"}
{"level":"info","ts":1770761428.1844742,"caller":"api/main.go:36","msg":"Database connected successfully"}
{"level":"info","ts":1770761428.1848857,"caller":"api/main.go:63","msg":"Starting server","port":"8080"}
{"level":"info","ts":1770761432.2314494,"caller":"api/main.go:36","msg":"Database connected successfully"}
{"level":"info","ts":1770761432.2317,"caller":"api/main.go:63","msg":"Starting server","port":"8080"}
{"level":"info","ts":1770761648.0084453,"caller":"api/main.go:36","msg":"Database connected successfully"}
{"level":"info","ts":1770761648.0086644,"caller":"api/main.go:63","msg":"Starting server","port":"8080"}
{"level":"info","ts":1770761649.6507277,"caller":"api/main.go:36","msg":"Database connected successfully"}
{"level":"info","ts":1770761649.6510017,"caller":"api/main.go:63","msg":"Starting server","port":"8080"}
{"level":"info","ts":1770761687.6885917,"caller":"api/main.go:36","msg":"Database connected successfully"}
{"level":"info","ts":1770761687.688913,"caller":"api/main.go:63","msg":"Starting server","port":"8080"}
{"level":"info","ts":1770761693.8558562,"caller":"api/main.go:36","msg":"Database connected successfully"}
{"level":"info","ts":1770761693.8560328,"caller":"api/main.go:63","msg":"Starting server","port":"8080"}
{"level":"info","ts":1770761701.3577025,"caller":"api/main.go:36","msg":"Database connected successfully"}
{"level":"info","ts":1770761701.3579392,"caller":"api/main.go:63","msg":"Starting server","port":"8080"}
{"level":"info","ts":1770761706.9492552,"caller":"api/main.go:36","msg":"Database connected successfully"}
{"level":"info","ts":1770761706.9499233,"caller":"api/main.go:63","msg":"Starting server","port":"8080"}
{"level":"info","ts":1770761711.6506872,"caller":"api/main.go:36","msg":"Database connected successfully"}
{"level":"info","ts":1770761711.6509705,"caller":"api/main.go:63","msg":"Starting server","port":"8080"}
{"level":"info","ts":1770761720.2542372,"caller":"api/main.go:36","msg":"Database connected successfully"}
{"level":"info","ts":1770761720.254493,"caller":"api/main.go:63","msg":"Starting server","port":"8080"}
{"level":"info","ts":1770761731.8940308,"caller":"api/main.go:36","msg":"Database connected successfully"}
{"level":"info","ts":1770761731.8942928,"caller":"api/main.go:63","msg":"Starting server","port":"8080"}
{"level":"info","ts":1770761739.904212,"caller":"api/main.go:36","msg":"Database connected successfully"}
{"level":"info","ts":1770761739.904481,"caller":"api/main.go:63","msg":"Starting server","port":"8080"}
{"level":"info","ts":1770761835.1875124,"caller":"middleware/logger.go:17","msg":"Incoming request","method":"POST","path":"/api/users/register","status":201,"client_ip":"::1","latency":1.505697403}
{"level":"info","ts":1770761917.6559317,"caller":"middleware/logger.go:17","msg":"Incoming request","method":"POST","path":"/api/users/login","status":200,"client_ip":"::1","latency":0.481391653}
{"level":"info","ts":1770761946.9582188,"caller":"middleware/logger.go:17","msg":"Incoming request","method":"GET","path":"/api/users","status":200,"client_ip":"::1","latency":0.598415611}
